{"C:\\Users\\User\\planilha\\frontend\\src\\App.js": {"path":"C:\\Users\\User\\planilha\\frontend\\src\\App.js","statementMap":{"0":{"start":{"line":4,"column":28},"end":{"line":4,"column":40}},"1":{"start":{"line":5,"column":28},"end":{"line":5,"column":39}},"2":{"start":{"line":6,"column":32},"end":{"line":6,"column":46}},"3":{"start":{"line":7,"column":28},"end":{"line":7,"column":42}},"4":{"start":{"line":8,"column":26},"end":{"line":8,"column":37}},"5":{"start":{"line":9,"column":32},"end":{"line":13,"column":4}},"6":{"start":{"line":15,"column":21},"end":{"line":48,"column":21}},"7":{"start":{"line":16,"column":4},"end":{"line":47,"column":5}},"8":{"start":{"line":17,"column":6},"end":{"line":17,"column":23}},"9":{"start":{"line":18,"column":6},"end":{"line":18,"column":21}},"10":{"start":{"line":19,"column":6},"end":{"line":19,"column":52}},"11":{"start":{"line":21,"column":26},"end":{"line":25,"column":8}},"12":{"start":{"line":27,"column":21},"end":{"line":27,"column":48}},"13":{"start":{"line":28,"column":6},"end":{"line":28,"column":54}},"14":{"start":{"line":30,"column":23},"end":{"line":30,"column":42}},"15":{"start":{"line":31,"column":6},"end":{"line":31,"column":58}},"16":{"start":{"line":33,"column":6},"end":{"line":35,"column":7}},"17":{"start":{"line":34,"column":8},"end":{"line":34,"column":84}},"18":{"start":{"line":37,"column":19},"end":{"line":37,"column":40}},"19":{"start":{"line":38,"column":6},"end":{"line":38,"column":44}},"20":{"start":{"line":40,"column":6},"end":{"line":40,"column":33}},"21":{"start":{"line":41,"column":6},"end":{"line":41,"column":32}},"22":{"start":{"line":43,"column":6},"end":{"line":43,"column":55}},"23":{"start":{"line":44,"column":6},"end":{"line":44,"column":30}},"24":{"start":{"line":46,"column":6},"end":{"line":46,"column":24}},"25":{"start":{"line":50,"column":2},"end":{"line":53,"column":19}},"26":{"start":{"line":51,"column":4},"end":{"line":51,"column":42}},"27":{"start":{"line":52,"column":4},"end":{"line":52,"column":17}},"28":{"start":{"line":55,"column":29},"end":{"line":59,"column":3}},"29":{"start":{"line":56,"column":4},"end":{"line":56,"column":49}},"30":{"start":{"line":57,"column":4},"end":{"line":57,"column":53}},"31":{"start":{"line":57,"column":24},"end":{"line":57,"column":50}},"32":{"start":{"line":58,"column":4},"end":{"line":58,"column":15}},"33":{"start":{"line":61,"column":21},"end":{"line":61,"column":42}},"34":{"start":{"line":63,"column":2},"end":{"line":73,"column":3}},"35":{"start":{"line":64,"column":4},"end":{"line":72,"column":6}},"36":{"start":{"line":75,"column":2},"end":{"line":172,"column":4}},"37":{"start":{"line":83,"column":29},"end":{"line":83,"column":76}},"38":{"start":{"line":95,"column":29},"end":{"line":95,"column":73}},"39":{"start":{"line":108,"column":29},"end":{"line":108,"column":73}},"40":{"start":{"line":138,"column":18},"end":{"line":148,"column":23}},"41":{"start":{"line":156,"column":29},"end":{"line":156,"column":48}},"42":{"start":{"line":156,"column":42},"end":{"line":156,"column":47}},"43":{"start":{"line":163,"column":29},"end":{"line":163,"column":48}},"44":{"start":{"line":163,"column":42},"end":{"line":163,"column":47}}},"fnMap":{"0":{"name":"App","decl":{"start":{"line":3,"column":9},"end":{"line":3,"column":12}},"loc":{"start":{"line":3,"column":15},"end":{"line":173,"column":1}},"line":3},"1":{"name":"(anonymous_1)","decl":{"start":{"line":15,"column":33},"end":{"line":15,"column":34}},"loc":{"start":{"line":15,"column":45},"end":{"line":48,"column":3}},"line":15},"2":{"name":"(anonymous_2)","decl":{"start":{"line":50,"column":12},"end":{"line":50,"column":13}},"loc":{"start":{"line":50,"column":18},"end":{"line":53,"column":3}},"line":50},"3":{"name":"(anonymous_3)","decl":{"start":{"line":55,"column":29},"end":{"line":55,"column":30}},"loc":{"start":{"line":55,"column":46},"end":{"line":59,"column":3}},"line":55},"4":{"name":"(anonymous_4)","decl":{"start":{"line":57,"column":15},"end":{"line":57,"column":16}},"loc":{"start":{"line":57,"column":24},"end":{"line":57,"column":50}},"line":57},"5":{"name":"(anonymous_5)","decl":{"start":{"line":83,"column":22},"end":{"line":83,"column":23}},"loc":{"start":{"line":83,"column":29},"end":{"line":83,"column":76}},"line":83},"6":{"name":"(anonymous_6)","decl":{"start":{"line":95,"column":22},"end":{"line":95,"column":23}},"loc":{"start":{"line":95,"column":29},"end":{"line":95,"column":73}},"line":95},"7":{"name":"(anonymous_7)","decl":{"start":{"line":108,"column":22},"end":{"line":108,"column":23}},"loc":{"start":{"line":108,"column":29},"end":{"line":108,"column":73}},"line":108},"8":{"name":"(anonymous_8)","decl":{"start":{"line":137,"column":27},"end":{"line":137,"column":28}},"loc":{"start":{"line":138,"column":18},"end":{"line":148,"column":23}},"line":138},"9":{"name":"(anonymous_9)","decl":{"start":{"line":156,"column":23},"end":{"line":156,"column":24}},"loc":{"start":{"line":156,"column":29},"end":{"line":156,"column":48}},"line":156},"10":{"name":"(anonymous_10)","decl":{"start":{"line":156,"column":37},"end":{"line":156,"column":38}},"loc":{"start":{"line":156,"column":42},"end":{"line":156,"column":47}},"line":156},"11":{"name":"(anonymous_11)","decl":{"start":{"line":163,"column":23},"end":{"line":163,"column":24}},"loc":{"start":{"line":163,"column":29},"end":{"line":163,"column":48}},"line":163},"12":{"name":"(anonymous_12)","decl":{"start":{"line":163,"column":37},"end":{"line":163,"column":38}},"loc":{"start":{"line":163,"column":42},"end":{"line":163,"column":47}},"line":163}},"branchMap":{"0":{"loc":{"start":{"line":33,"column":6},"end":{"line":35,"column":7}},"type":"if","locations":[{"start":{"line":33,"column":6},"end":{"line":35,"column":7}},{"start":{},"end":{}}],"line":33},"1":{"loc":{"start":{"line":40,"column":15},"end":{"line":40,"column":31}},"type":"binary-expr","locations":[{"start":{"line":40,"column":15},"end":{"line":40,"column":25}},{"start":{"line":40,"column":29},"end":{"line":40,"column":31}}],"line":40},"2":{"loc":{"start":{"line":41,"column":15},"end":{"line":41,"column":30}},"type":"binary-expr","locations":[{"start":{"line":41,"column":15},"end":{"line":41,"column":25}},{"start":{"line":41,"column":29},"end":{"line":41,"column":30}}],"line":41},"3":{"loc":{"start":{"line":63,"column":2},"end":{"line":73,"column":3}},"type":"if","locations":[{"start":{"line":63,"column":2},"end":{"line":73,"column":3}},{"start":{},"end":{}}],"line":63},"4":{"loc":{"start":{"line":113,"column":7},"end":{"line":170,"column":7}},"type":"cond-expr","locations":[{"start":{"line":114,"column":8},"end":{"line":114,"column":38}},{"start":{"line":115,"column":10},"end":{"line":170,"column":7}}],"line":113},"5":{"loc":{"start":{"line":115,"column":10},"end":{"line":170,"column":7}},"type":"cond-expr","locations":[{"start":{"line":116,"column":8},"end":{"line":118,"column":14}},{"start":{"line":120,"column":8},"end":{"line":169,"column":11}}],"line":115},"6":{"loc":{"start":{"line":146,"column":25},"end":{"line":146,"column":58}},"type":"cond-expr","locations":[{"start":{"line":146,"column":39},"end":{"line":146,"column":46}},{"start":{"line":146,"column":49},"end":{"line":146,"column":58}}],"line":146}},"s":{"0":24,"1":23,"2":23,"3":23,"4":23,"5":23,"6":23,"7":13,"8":13,"9":13,"10":13,"11":13,"12":13,"13":13,"14":13,"15":13,"16":13,"17":1,"18":12,"19":12,"20":12,"21":12,"22":1,"23":1,"24":13,"25":23,"26":13,"27":13,"28":23,"29":6,"30":6,"31":6,"32":6,"33":23,"34":23,"35":1,"36":22,"37":1,"38":1,"39":4,"40":2,"41":0,"42":0,"43":0,"44":0},"f":{"0":24,"1":13,"2":13,"3":6,"4":6,"5":1,"6":1,"7":4,"8":2,"9":0,"10":0,"11":0,"12":0},"b":{"0":[1,12],"1":[12,0],"2":[12,1],"3":[1,22],"4":[19,3],"5":[1,2],"6":[2,0]},"_coverageSchema":"1a1c01bbd47fc00a2c39e90264f33305004495a9","hash":"e6ef48228438a53118d641ae2416a91e724d0395"}
,"C:\\Users\\User\\planilha\\frontend\\src\\index.js": {"path":"C:\\Users\\User\\planilha\\frontend\\src\\index.js","statementMap":{"0":{"start":{"line":6,"column":13},"end":{"line":6,"column":56}},"1":{"start":{"line":7,"column":0},"end":{"line":11,"column":2}}},"fnMap":{},"branchMap":{},"s":{"0":0,"1":0},"f":{},"b":{}}
,"C:\\Users\\User\\planilha\\frontend\\src\\mocks\\browser.js": {"path":"C:\\Users\\User\\planilha\\frontend\\src\\mocks\\browser.js","statementMap":{"0":{"start":{"line":4,"column":22},"end":{"line":4,"column":46}}},"fnMap":{},"branchMap":{},"s":{"0":0},"f":{},"b":{}}
,"C:\\Users\\User\\planilha\\frontend\\src\\mocks\\handlers.js": {"path":"C:\\Users\\User\\planilha\\frontend\\src\\mocks\\handlers.js","statementMap":{"0":{"start":{"line":3,"column":18},"end":{"line":28,"column":1}},"1":{"start":{"line":30,"column":24},"end":{"line":68,"column":1}},"2":{"start":{"line":32,"column":17},"end":{"line":32,"column":64}},"3":{"start":{"line":33,"column":18},"end":{"line":33,"column":67}},"4":{"start":{"line":34,"column":22},"end":{"line":34,"column":59}},"5":{"start":{"line":35,"column":19},"end":{"line":35,"column":53}},"6":{"start":{"line":36,"column":19},"end":{"line":36,"column":53}},"7":{"start":{"line":38,"column":24},"end":{"line":38,"column":38}},"8":{"start":{"line":40,"column":4},"end":{"line":42,"column":5}},"9":{"start":{"line":41,"column":6},"end":{"line":41,"column":91}},"10":{"start":{"line":41,"column":51},"end":{"line":41,"column":89}},"11":{"start":{"line":44,"column":4},"end":{"line":47,"column":5}},"12":{"start":{"line":45,"column":23},"end":{"line":45,"column":40}},"13":{"start":{"line":46,"column":6},"end":{"line":46,"column":77}},"14":{"start":{"line":46,"column":51},"end":{"line":46,"column":75}},"15":{"start":{"line":49,"column":4},"end":{"line":55,"column":5}},"16":{"start":{"line":50,"column":26},"end":{"line":50,"column":46}},"17":{"start":{"line":51,"column":6},"end":{"line":54,"column":8}},"18":{"start":{"line":52,"column":8},"end":{"line":53,"column":54}},"19":{"start":{"line":57,"column":18},"end":{"line":57,"column":36}},"20":{"start":{"line":58,"column":27},"end":{"line":58,"column":68}},"21":{"start":{"line":60,"column":4},"end":{"line":66,"column":6}}},"fnMap":{"0":{"name":"(anonymous_0)","decl":{"start":{"line":31,"column":25},"end":{"line":31,"column":26}},"loc":{"start":{"line":31,"column":44},"end":{"line":67,"column":3}},"line":31},"1":{"name":"(anonymous_1)","decl":{"start":{"line":41,"column":43},"end":{"line":41,"column":44}},"loc":{"start":{"line":41,"column":51},"end":{"line":41,"column":89}},"line":41},"2":{"name":"(anonymous_2)","decl":{"start":{"line":46,"column":43},"end":{"line":46,"column":44}},"loc":{"start":{"line":46,"column":51},"end":{"line":46,"column":75}},"line":46},"3":{"name":"(anonymous_3)","decl":{"start":{"line":51,"column":43},"end":{"line":51,"column":44}},"loc":{"start":{"line":52,"column":8},"end":{"line":53,"column":54}},"line":52}},"branchMap":{"0":{"loc":{"start":{"line":32,"column":17},"end":{"line":32,"column":64}},"type":"binary-expr","locations":[{"start":{"line":32,"column":17},"end":{"line":32,"column":59}},{"start":{"line":32,"column":63},"end":{"line":32,"column":64}}],"line":32},"1":{"loc":{"start":{"line":33,"column":18},"end":{"line":33,"column":67}},"type":"binary-expr","locations":[{"start":{"line":33,"column":18},"end":{"line":33,"column":61}},{"start":{"line":33,"column":65},"end":{"line":33,"column":67}}],"line":33},"2":{"loc":{"start":{"line":40,"column":4},"end":{"line":42,"column":5}},"type":"if","locations":[{"start":{"line":40,"column":4},"end":{"line":42,"column":5}},{"start":{},"end":{}}],"line":40},"3":{"loc":{"start":{"line":44,"column":4},"end":{"line":47,"column":5}},"type":"if","locations":[{"start":{"line":44,"column":4},"end":{"line":47,"column":5}},{"start":{},"end":{}}],"line":44},"4":{"loc":{"start":{"line":44,"column":8},"end":{"line":44,"column":40}},"type":"binary-expr","locations":[{"start":{"line":44,"column":8},"end":{"line":44,"column":23}},{"start":{"line":44,"column":27},"end":{"line":44,"column":40}}],"line":44},"5":{"loc":{"start":{"line":49,"column":4},"end":{"line":55,"column":5}},"type":"if","locations":[{"start":{"line":49,"column":4},"end":{"line":55,"column":5}},{"start":{},"end":{}}],"line":49},"6":{"loc":{"start":{"line":52,"column":8},"end":{"line":53,"column":54}},"type":"binary-expr","locations":[{"start":{"line":52,"column":8},"end":{"line":52,"column":53}},{"start":{"line":53,"column":8},"end":{"line":53,"column":54}}],"line":52}},"s":{"0":0,"1":0,"2":0,"3":0,"4":0,"5":0,"6":0,"7":0,"8":0,"9":0,"10":0,"11":0,"12":0,"13":0,"14":0,"15":0,"16":0,"17":0,"18":0,"19":0,"20":0,"21":0},"f":{"0":0,"1":0,"2":0,"3":0},"b":{"0":[0,0],"1":[0,0],"2":[0,0],"3":[0,0],"4":[0,0],"5":[0,0],"6":[0,0]}}
}
