TN:
SF:src\App.js
FN:3,App
FN:15,(anonymous_1)
FN:50,(anonymous_2)
FN:55,(anonymous_3)
FN:57,(anonymous_4)
FN:83,(anonymous_5)
FN:95,(anonymous_6)
FN:108,(anonymous_7)
FN:137,(anonymous_8)
FN:156,(anonymous_9)
FN:156,(anonymous_10)
FN:163,(anonymous_11)
FN:163,(anonymous_12)
FNF:13
FNH:9
FNDA:24,App
FNDA:13,(anonymous_1)
FNDA:13,(anonymous_2)
FNDA:6,(anonymous_3)
FNDA:6,(anonymous_4)
FNDA:1,(anonymous_5)
FNDA:1,(anonymous_6)
FNDA:4,(anonymous_7)
FNDA:2,(anonymous_8)
FNDA:0,(anonymous_9)
FNDA:0,(anonymous_10)
FNDA:0,(anonymous_11)
FNDA:0,(anonymous_12)
DA:4,24
DA:5,23
DA:6,23
DA:7,23
DA:8,23
DA:9,23
DA:15,23
DA:16,13
DA:17,13
DA:18,13
DA:19,13
DA:21,13
DA:27,13
DA:28,13
DA:30,13
DA:31,13
DA:33,13
DA:34,1
DA:37,12
DA:38,12
DA:40,12
DA:41,12
DA:43,1
DA:44,1
DA:46,13
DA:50,23
DA:51,13
DA:52,13
DA:55,23
DA:56,6
DA:57,6
DA:58,6
DA:61,23
DA:63,23
DA:64,1
DA:75,22
DA:83,1
DA:95,1
DA:108,4
DA:138,2
DA:156,0
DA:163,0
LF:42
LH:40
BRDA:33,0,0,1
BRDA:33,0,1,12
BRDA:40,1,0,12
BRDA:40,1,1,0
BRDA:41,2,0,12
BRDA:41,2,1,1
BRDA:63,3,0,1
BRDA:63,3,1,22
BRDA:113,4,0,19
BRDA:113,4,1,3
BRDA:115,5,0,1
BRDA:115,5,1,2
BRDA:146,6,0,2
BRDA:146,6,1,0
BRF:14
BRH:12
end_of_record
TN:
SF:src\index.js
FNF:0
FNH:0
DA:6,0
DA:7,0
LF:2
LH:0
BRF:0
BRH:0
end_of_record
TN:
SF:src\mocks\browser.js
FNF:0
FNH:0
DA:4,0
LF:1
LH:0
BRF:0
BRH:0
end_of_record
TN:
SF:src\mocks\handlers.js
FN:31,(anonymous_0)
FN:41,(anonymous_1)
FN:46,(anonymous_2)
FN:51,(anonymous_3)
FNF:4
FNH:0
FNDA:0,(anonymous_0)
FNDA:0,(anonymous_1)
FNDA:0,(anonymous_2)
FNDA:0,(anonymous_3)
DA:3,0
DA:30,0
DA:32,0
DA:33,0
DA:34,0
DA:35,0
DA:36,0
DA:38,0
DA:40,0
DA:41,0
DA:44,0
DA:45,0
DA:46,0
DA:49,0
DA:50,0
DA:51,0
DA:52,0
DA:57,0
DA:58,0
DA:60,0
LF:20
LH:0
BRDA:32,0,0,0
BRDA:32,0,1,0
BRDA:33,1,0,0
BRDA:33,1,1,0
BRDA:40,2,0,0
BRDA:40,2,1,0
BRDA:44,3,0,0
BRDA:44,3,1,0
BRDA:44,4,0,0
BRDA:44,4,1,0
BRDA:49,5,0,0
BRDA:49,5,1,0
BRDA:52,6,0,0
BRDA:52,6,1,0
BRF:14
BRH:0
end_of_record
