TN:
SF:src\routes\users.js
FN:5,(anonymous_0)
FNF:1
FNH:1
FNDA:5,(anonymous_0)
DA:1,1
DA:2,1
DA:3,1
DA:5,1
DA:6,5
DA:13,5
DA:15,5
DA:17,5
DA:18,5
DA:19,5
DA:21,5
DA:22,1
DA:23,1
DA:24,1
DA:27,5
DA:28,1
DA:29,1
DA:30,1
DA:33,5
DA:34,1
DA:35,1
DA:36,1
DA:39,5
DA:42,5
DA:48,5
DA:49,4
DA:52,4
DA:62,4
DA:67,4
DA:73,1
DA:74,1
DA:78,1
LF:32
LH:32
BRDA:8,0,0,4
BRDA:9,1,0,4
BRDA:21,2,0,1
BRDA:21,2,1,4
BRDA:27,3,0,1
BRDA:27,3,1,4
BRDA:33,4,0,1
BRDA:33,4,1,4
BRDA:39,5,0,3
BRDA:39,5,1,2
BRF:10
BRH:10
end_of_record
